<?xml version="1.0" encoding="UTF-8"?>
<!-- Generated by org.testng.reporters.JUnitReportReporter -->
<testsuite skipped="0" hostname="BDC6-D-870MX52" name="TestNG.sampdata" tests="3" failures="0" timestamp="21 Jan 2020 09:28:52 GMT" time="0.015" errors="0">
  <testcase name="DataInfo" time="0.011" classname="TestNG.sampdata"/>
  <testcase name="DataInfo" time="0.002" classname="TestNG.sampdata"/>
  <testcase name="DataInfo" time="0.002" classname="TestNG.sampdata"/>
</testsuite> <!-- TestNG.sampdata -->
