<?xml version="1.0" encoding="UTF-8"?>
<!-- Generated by org.testng.reporters.JUnitReportReporter -->
<testsuite skipped="0" hostname="BDC6-D-870MX52" name="TestNG.CS3" tests="1" failures="0" timestamp="29 Jan 2020 04:30:11 GMT" time="18.528" errors="0">
  <testcase name="CS3" time="18.528" classname="TestNG.CS3"/>
</testsuite> <!-- TestNG.CS3 -->
