<?xml version="1.0" encoding="UTF-8"?>
<!-- Generated by org.testng.reporters.JUnitReportReporter -->
<testsuite skipped="0" hostname="BDC6-D-870MX52" name="TestNG.READEXCEL" tests="1" failures="0" timestamp="23 Jan 2020 03:46:59 GMT" time="0.674" errors="0">
  <testcase name="readExcelData" time="0.674" classname="TestNG.READEXCEL"/>
</testsuite> <!-- TestNG.READEXCEL -->
