<?xml version="1.0" encoding="UTF-8"?>
<!-- Generated by org.testng.reporters.JUnitReportReporter -->
<testsuite skipped="0" hostname="BDC6-D-870MX52" name="TestNG.CS5" tests="1" failures="0" timestamp="29 Jan 2020 04:58:53 GMT" time="18.867" errors="0">
  <testcase name="CS5" time="18.867" classname="TestNG.CS5"/>
</testsuite> <!-- TestNG.CS5 -->
