<?xml version="1.0" encoding="UTF-8"?>
<!-- Generated by org.testng.reporters.JUnitReportReporter -->
<testsuite skipped="0" hostname="BDC6-D-870MX52" name="TestNG.sampletest" tests="4" failures="0" timestamp="21 Jan 2020 07:08:57 GMT" time="0.019" errors="0">
  <testcase name="validate_Support" time="0.002" classname="TestNG.sampletest"/>
  <testcase name="validate_Sign_on" time="0.003" classname="TestNG.sampletest"/>
  <testcase name="validate_Contact" time="0.008" classname="TestNG.sampletest"/>
  <testcase name="validate_Register" time="0.006" classname="TestNG.sampletest"/>
</testsuite> <!-- TestNG.sampletest -->
