<?xml version="1.0" encoding="UTF-8"?>
<!-- Generated by org.testng.reporters.JUnitReportReporter -->
<testsuite skipped="0" hostname="BDC6-D-870MX52" name="TestNG.NewTest" tests="3" failures="0" timestamp="22 Jan 2020 04:05:32 GMT" time="52.472" errors="0">
  <testcase name="dp" time="18.104" classname="TestNG.NewTest"/>
  <testcase name="dp" time="17.611" classname="TestNG.NewTest"/>
  <testcase name="dp" time="16.757" classname="TestNG.NewTest"/>
</testsuite> <!-- TestNG.NewTest -->
