<?xml version="1.0" encoding="UTF-8"?>
<!-- Generated by org.testng.reporters.JUnitReportReporter -->
<testsuite skipped="0" hostname="BDC6-D-870MX52" name="TestNG.Suite" tests="1" failures="0" timestamp="23 Jan 2020 05:02:37 GMT" time="0.009" errors="0">
  <testcase name="f" time="0.009" classname="TestNG.Suite"/>
</testsuite> <!-- TestNG.Suite -->
