<?xml version="1.0" encoding="UTF-8"?>
<!-- Generated by org.testng.reporters.JUnitReportReporter -->
<testsuite skipped="0" hostname="BDC6-D-870MX52" name="TestNG.CS4" tests="1" failures="0" timestamp="29 Jan 2020 04:34:01 GMT" time="17.900" errors="0">
  <testcase name="CS4" time="17.900" classname="TestNG.CS4"/>
</testsuite> <!-- TestNG.CS4 -->
