<?xml version="1.0" encoding="UTF-8"?>
<!-- Generated by org.testng.reporters.JUnitReportReporter -->
<testsuite skipped="2" hostname="BDC6-D-870MX52" name="TestNG.IgnoreTest" tests="4" failures="0" timestamp="22 Jan 2020 04:05:32 GMT" time="0.003" errors="0">
  <testcase name="test3" time="0.002" classname="TestNG.IgnoreTest"/>
  <testcase name="test4" time="0.001" classname="TestNG.IgnoreTest"/>
  <testcase name="test5" classname="TestNG.IgnoreTest">
    <skipped/>
  </testcase> <!-- test5 -->
  <testcase name="test1" classname="TestNG.IgnoreTest">
    <skipped/>
  </testcase> <!-- test1 -->
</testsuite> <!-- TestNG.IgnoreTest -->
