<?xml version="1.0" encoding="UTF-8"?>
<!-- Generated by org.testng.reporters.JUnitReportReporter -->
<testsuite skipped="0" hostname="BDC6-D-870MX52" name="TestNG.MultipleTestCase" tests="3" failures="0" timestamp="21 Jan 2020 08:52:37 GMT" time="0.022" errors="0">
  <testcase name="c_test" time="0.018" classname="TestNG.MultipleTestCase"/>
  <testcase name="b_test" time="0.002" classname="TestNG.MultipleTestCase"/>
  <testcase name="a_test" time="0.002" classname="TestNG.MultipleTestCase"/>
</testsuite> <!-- TestNG.MultipleTestCase -->
